Determining if the pthread_create exist failed with the following output:
Change Dir: /home/demon/CLionProjects/two_camera/cmake-build-debug/CMakeFiles/CMakeTmp

Run Build Command(s):/usr/bin/make cmTC_a4e8e/fast 
/usr/bin/make -f CMakeFiles/cmTC_a4e8e.dir/build.make CMakeFiles/cmTC_a4e8e.dir/build
make[1]: Entering directory '/home/demon/CLionProjects/two_camera/cmake-build-debug/CMakeFiles/CMakeTmp'
Building C object CMakeFiles/cmTC_a4e8e.dir/CheckSymbolExists.c.o
/usr/bin/cc   -fPIC    -o CMakeFiles/cmTC_a4e8e.dir/CheckSymbolExists.c.o   -c /home/demon/CLionProjects/two_camera/cmake-build-debug/CMakeFiles/CMakeTmp/CheckSymbolExists.c
Linking C executable cmTC_a4e8e
/home/demon/RobMaster/clion-2019.1.3/bin/cmake/linux/bin/cmake -E cmake_link_script CMakeFiles/cmTC_a4e8e.dir/link.txt --verbose=1
/usr/bin/cc -fPIC     CMakeFiles/cmTC_a4e8e.dir/CheckSymbolExists.c.o  -o cmTC_a4e8e 
CMakeFiles/cmTC_a4e8e.dir/CheckSymbolExists.c.o：在函数‘main’中：
CheckSymbolExists.c:(.text+0x1b)：对‘pthread_create’未定义的引用
collect2: error: ld returned 1 exit status
CMakeFiles/cmTC_a4e8e.dir/build.make:86: recipe for target 'cmTC_a4e8e' failed
make[1]: *** [cmTC_a4e8e] Error 1
make[1]: Leaving directory '/home/demon/CLionProjects/two_camera/cmake-build-debug/CMakeFiles/CMakeTmp'
Makefile:121: recipe for target 'cmTC_a4e8e/fast' failed
make: *** [cmTC_a4e8e/fast] Error 2

File /home/demon/CLionProjects/two_camera/cmake-build-debug/CMakeFiles/CMakeTmp/CheckSymbolExists.c:
/* */
#include <pthread.h>

int main(int argc, char** argv)
{
  (void)argv;
#ifndef pthread_create
  return ((int*)(&pthread_create))[argc];
#else
  (void)argc;
  return 0;
#endif
}

Determining if the function pthread_create exists in the pthreads failed with the following output:
Change Dir: /home/demon/CLionProjects/two_camera/cmake-build-debug/CMakeFiles/CMakeTmp

Run Build Command(s):/usr/bin/make cmTC_15cf7/fast 
/usr/bin/make -f CMakeFiles/cmTC_15cf7.dir/build.make CMakeFiles/cmTC_15cf7.dir/build
make[1]: Entering directory '/home/demon/CLionProjects/two_camera/cmake-build-debug/CMakeFiles/CMakeTmp'
Building C object CMakeFiles/cmTC_15cf7.dir/CheckFunctionExists.c.o
/usr/bin/cc   -fPIC -DCHECK_FUNCTION_EXISTS=pthread_create   -o CMakeFiles/cmTC_15cf7.dir/CheckFunctionExists.c.o   -c /home/demon/RobMaster/clion-2019.1.3/bin/cmake/linux/share/cmake-3.14/Modules/CheckFunctionExists.c
Linking C executable cmTC_15cf7
/home/demon/RobMaster/clion-2019.1.3/bin/cmake/linux/bin/cmake -E cmake_link_script CMakeFiles/cmTC_15cf7.dir/link.txt --verbose=1
/usr/bin/cc -fPIC -DCHECK_FUNCTION_EXISTS=pthread_create    CMakeFiles/cmTC_15cf7.dir/CheckFunctionExists.c.o  -o cmTC_15cf7 -lpthreads 
/usr/bin/ld: 找不到 -lpthreads
collect2: error: ld returned 1 exit status
CMakeFiles/cmTC_15cf7.dir/build.make:86: recipe for target 'cmTC_15cf7' failed
make[1]: *** [cmTC_15cf7] Error 1
make[1]: Leaving directory '/home/demon/CLionProjects/two_camera/cmake-build-debug/CMakeFiles/CMakeTmp'
Makefile:121: recipe for target 'cmTC_15cf7/fast' failed
make: *** [cmTC_15cf7/fast] Error 2


